<?xml version="1.0" encoding="UTF-8"?>
<!-- Generated by org.testng.reporters.JUnitReportReporter -->
<testsuite skipped="0" hostname="P3A-HQSPXJ2" name="DemowebDriver.Wikipedia" tests="1" failures="0" timestamp="23 Sep 2019 09:17:24 GMT" time="5.319" errors="0">
  <testcase name="f" time="5.319" classname="DemowebDriver.Wikipedia"/>
</testsuite> <!-- DemowebDriver.Wikipedia -->
