<?xml version="1.0" encoding="UTF-8"?>
<!-- Generated by org.testng.reporters.JUnitReportReporter -->
<testsuite skipped="0" hostname="P3A-HQSPXJ2" name="DemowebDriver.RegisterMercury" tests="1" failures="0" timestamp="23 Sep 2019 08:37:01 GMT" time="51.430" errors="0">
  <testcase name="f" time="51.430" classname="DemowebDriver.RegisterMercury"/>
</testsuite> <!-- DemowebDriver.RegisterMercury -->
