<?xml version="1.0" encoding="UTF-8"?>
<!-- Generated by org.testng.reporters.JUnitReportReporter -->
<testsuite skipped="0" hostname="P3A-HQSPXJ2" name="testngFeatures.OpenMercury" tests="1" failures="0" timestamp="23 Sep 2019 04:42:46 GMT" time="2.649" errors="0">
  <testcase name="f" time="2.649" classname="testngFeatures.OpenMercury"/>
</testsuite> <!-- testngFeatures.OpenMercury -->
