<?xml version="1.0" encoding="UTF-8"?>
<!-- Generated by org.testng.reporters.JUnitReportReporter -->
<testsuite skipped="0" hostname="P3A-HQSPXJ2" name="testngFeatures.DemoDataProvider" tests="3" failures="0" timestamp="23 Sep 2019 04:42:46 GMT" time="0.013" errors="0">
  <testcase name="login" time="0.003" classname="testngFeatures.DemoDataProvider"/>
  <testcase name="login" time="0.008" classname="testngFeatures.DemoDataProvider"/>
  <testcase name="login" time="0.002" classname="testngFeatures.DemoDataProvider"/>
</testsuite> <!-- testngFeatures.DemoDataProvider -->
