<?xml version="1.0" encoding="UTF-8"?>
<!-- Generated by org.testng.reporters.JUnitReportReporter -->
<testsuite skipped="0" hostname="P3A-HQSPXJ2" name="DemoExcel.LoginMercuryDDT" tests="3" failures="0" timestamp="24 Sep 2019 10:14:23 GMT" time="29.361" errors="0">
  <testcase name="f" time="6.679" classname="DemoExcel.LoginMercuryDDT"/>
  <testcase name="f" time="6.047" classname="DemoExcel.LoginMercuryDDT"/>
  <testcase name="f" time="16.635" classname="DemoExcel.LoginMercuryDDT"/>
</testsuite> <!-- DemoExcel.LoginMercuryDDT -->
