<?xml version="1.0" encoding="UTF-8"?>
<!-- Generated by org.testng.reporters.JUnitReportReporter -->
<testsuite skipped="0" hostname="P3A-HQSPXJ2" name="DemoGestures.Switching" tests="1" failures="0" timestamp="24 Sep 2019 05:49:36 GMT" time="11.084" errors="0">
  <testcase name="f" time="11.084" classname="DemoGestures.Switching"/>
</testsuite> <!-- DemoGestures.Switching -->
