<?xml version="1.0" encoding="UTF-8"?>
<!-- Generated by org.testng.reporters.JUnitReportReporter -->
<testsuite skipped="0" hostname="P3A-HQSPXJ2" name="DemoReports.DemoLoginReport" tests="1" failures="0" timestamp="25 Sep 2019 07:32:44 GMT" time="34.204" errors="0">
  <testcase name="failTest" time="34.204" classname="DemoReports.DemoLoginReport"/>
</testsuite> <!-- DemoReports.DemoLoginReport -->
