<?xml version="1.0" encoding="UTF-8"?>
<!-- Generated by org.testng.reporters.JUnitReportReporter -->
<testsuite skipped="0" hostname="P3A-HQSPXJ2" name="testmeapp.tests.NewTest" tests="1" failures="0" timestamp="26 Sep 2019 07:00:43 GMT" time="12.607" errors="0">
  <testcase name="f" time="12.607" classname="testmeapp.tests.NewTest"/>
</testsuite> <!-- testmeapp.tests.NewTest -->
