<?xml version="1.0" encoding="UTF-8"?>
<!-- Generated by org.testng.reporters.JUnitReportReporter -->
<testsuite skipped="0" hostname="P3A-HQSPXJ2" name="testngFeatures.ExecutionSequence" tests="1" failures="0" timestamp="23 Sep 2019 04:42:46 GMT" time="0.019" errors="0">
  <testcase name="f" time="0.019" classname="testngFeatures.ExecutionSequence"/>
</testsuite> <!-- testngFeatures.ExecutionSequence -->
