<?xml version="1.0" encoding="UTF-8"?>
<!-- Generated by org.testng.reporters.JUnitReportReporter -->
<testsuite skipped="0" hostname="P3A-HQSPXJ2" name="DemowebDriver.LoginHeroku" tests="1" failures="0" timestamp="23 Sep 2019 06:11:06 GMT" time="12.962" errors="0">
  <testcase name="f" time="12.962" classname="DemowebDriver.LoginHeroku"/>
</testsuite> <!-- DemowebDriver.LoginHeroku -->
