<?xml version="1.0" encoding="UTF-8"?>
<!-- Generated by org.testng.reporters.JUnitReportReporter -->
<testsuite skipped="0" hostname="P3A-HQSPXJ2" name="DemowebDriver.DemoNavigation" tests="1" failures="0" timestamp="23 Sep 2019 09:28:06 GMT" time="19.606" errors="0">
  <testcase name="f" time="19.606" classname="DemowebDriver.DemoNavigation"/>
</testsuite> <!-- DemowebDriver.DemoNavigation -->
