<?xml version="1.0" encoding="UTF-8"?>
<!-- Generated by org.testng.reporters.JUnitReportReporter -->
<testsuite skipped="0" hostname="P3A-HQSPXJ2" name="DemoExcel.DemoWorkbook" tests="1" failures="0" timestamp="24 Sep 2019 06:57:16 GMT" time="1.177" errors="0">
  <testcase name="f" time="1.177" classname="DemoExcel.DemoWorkbook"/>
</testsuite> <!-- DemoExcel.DemoWorkbook -->
