<?xml version="1.0" encoding="UTF-8"?>
<!-- Generated by org.testng.reporters.JUnitReportReporter -->
<testsuite skipped="0" hostname="P3A-HQSPXJ2" name="DemoExcel.DemoRead" tests="1" failures="0" timestamp="24 Sep 2019 08:55:26 GMT" time="0.782" errors="0">
  <testcase name="f" time="0.782" classname="DemoExcel.DemoRead"/>
</testsuite> <!-- DemoExcel.DemoRead -->
