<?xml version="1.0" encoding="UTF-8"?>
<!-- Generated by org.testng.reporters.JUnitReportReporter -->
<testsuite skipped="1" hostname="P3A-HQSPXJ2" name="testngFeatures.MercuryApplication" tests="7" failures="0" timestamp="23 Sep 2019 04:42:46 GMT" time="0.007" errors="0">
  <testcase name="openBrowser" time="0.001" classname="testngFeatures.MercuryApplication"/>
  <testcase name="openURL" time="0.001" classname="testngFeatures.MercuryApplication"/>
  <testcase name="login" time="0.001" classname="testngFeatures.MercuryApplication"/>
  <testcase name="searchFlight" time="0.001" classname="testngFeatures.MercuryApplication"/>
  <testcase name="logout" time="0.002" classname="testngFeatures.MercuryApplication"/>
  <testcase name="closeBrowser" time="0.001" classname="testngFeatures.MercuryApplication"/>
  <testcase name="bookFlight" classname="testngFeatures.MercuryApplication">
    <skipped/>
  </testcase> <!-- bookFlight -->
</testsuite> <!-- testngFeatures.MercuryApplication -->
