<?xml version="1.0" encoding="UTF-8"?>
<!-- Generated by org.testng.reporters.JUnitReportReporter -->
<testsuite skipped="0" hostname="P3A-HQSPXJ2" name="DemoExcel.RegisterMercury" tests="3" failures="0" timestamp="24 Sep 2019 11:24:44 GMT" time="17.370" errors="0">
  <testcase name="f" time="5.385" classname="DemoExcel.RegisterMercury"/>
  <testcase name="f" time="6.808" classname="DemoExcel.RegisterMercury"/>
  <testcase name="f" time="5.177" classname="DemoExcel.RegisterMercury"/>
</testsuite> <!-- DemoExcel.RegisterMercury -->
